!SESSION 2020-02-04 10:49:26.756 -----------------------------------------------
eclipse.buildId=4.10.0.I20181206-0815
java.version=1.8.0_241
java.vendor=Oracle Corporation
BootLoader constants: OS=win32, ARCH=x86_64, WS=win32, NL=ko_KR
Framework arguments:  -product org.eclipse.epp.package.jee.product
Command-line arguments:  -os win32 -ws win32 -arch x86_64 -product org.eclipse.epp.package.jee.product

!ENTRY org.eclipse.jface.text 2 0 2020-02-04 10:50:37.825
!MESSAGE Duplicate template id: 'org.eclipse.wst.xslt.templates.xpath.boolean'

!ENTRY org.eclipse.egit.ui 2 0 2020-02-04 10:50:49.546
!MESSAGE Warning: The environment variable HOME is not set. The following directory will be used to store the Git
user global configuration and to define the default location to store repositories: 'C:\Users\admin'. If this is
not correct please set the HOME environment variable and restart Eclipse. Otherwise Git for Windows and
EGit might behave differently since they see different configuration options.
This warning can be switched off on the Team > Git > Confirmations and Warnings preference page.

!ENTRY org.eclipse.jface.text 2 0 2020-02-04 11:11:38.250
!MESSAGE Duplicate template id: 'org.eclipse.wst.xslt.templates.xpath.boolean'

!ENTRY org.eclipse.jface.text 2 0 2020-02-04 14:23:42.997
!MESSAGE Duplicate template id: 'org.eclipse.wst.xslt.templates.xpath.boolean'

!ENTRY org.eclipse.jface.text 2 0 2020-02-04 14:25:18.289
!MESSAGE Duplicate template id: 'org.eclipse.wst.xslt.templates.xpath.boolean'
!SESSION 2020-02-04 15:13:25.247 -----------------------------------------------
eclipse.buildId=4.10.0.I20181206-0815
java.version=1.8.0_241
java.vendor=Oracle Corporation
BootLoader constants: OS=win32, ARCH=x86_64, WS=win32, NL=ko_KR
Framework arguments:  -product org.eclipse.epp.package.jee.product -product org.eclipse.epp.package.jee.product -product org.eclipse.epp.package.jee.product
Command-line arguments:  -os win32 -ws win32 -arch x86_64 -product org.eclipse.epp.package.jee.product -product org.eclipse.epp.package.jee.product -data C:\Users\admin\Desktop\java\java_lec -product org.eclipse.epp.package.jee.product

!ENTRY org.eclipse.jface.text 2 0 2020-02-04 15:13:29.441
!MESSAGE Duplicate template id: 'org.eclipse.wst.xslt.templates.xpath.boolean'

!ENTRY org.eclipse.egit.ui 2 0 2020-02-04 15:13:31.133
!MESSAGE Warning: The environment variable HOME is not set. The following directory will be used to store the Git
user global configuration and to define the default location to store repositories: 'C:\Users\admin'. If this is
not correct please set the HOME environment variable and restart Eclipse. Otherwise Git for Windows and
EGit might behave differently since they see different configuration options.
This warning can be switched off on the Team > Git > Confirmations and Warnings preference page.

!ENTRY org.eclipse.jface.text 2 0 2020-02-04 15:17:27.924
!MESSAGE Duplicate template id: 'org.eclipse.wst.xslt.templates.xpath.boolean'
!SESSION 2020-02-05 08:53:38.055 -----------------------------------------------
eclipse.buildId=4.10.0.I20181206-0815
java.version=1.8.0_241
java.vendor=Oracle Corporation
BootLoader constants: OS=win32, ARCH=x86_64, WS=win32, NL=ko_KR
Framework arguments:  -product org.eclipse.epp.package.jee.product
Command-line arguments:  -os win32 -ws win32 -arch x86_64 -product org.eclipse.epp.package.jee.product

!ENTRY org.eclipse.jface.text 2 0 2020-02-05 08:53:53.086
!MESSAGE Duplicate template id: 'org.eclipse.wst.xslt.templates.xpath.boolean'

!ENTRY org.eclipse.egit.ui 2 0 2020-02-05 08:53:57.828
!MESSAGE Warning: The environment variable HOME is not set. The following directory will be used to store the Git
user global configuration and to define the default location to store repositories: 'C:\Users\admin'. If this is
not correct please set the HOME environment variable and restart Eclipse. Otherwise Git for Windows and
EGit might behave differently since they see different configuration options.
This warning can be switched off on the Team > Git > Confirmations and Warnings preference page.

!ENTRY org.eclipse.jface.text 2 0 2020-02-05 09:12:56.956
!MESSAGE Duplicate template id: 'org.eclipse.wst.xslt.templates.xpath.boolean'

!ENTRY org.eclipse.jdt.debug 2 0 2020-02-05 15:36:06.784
!MESSAGE Unable to find location of java.lang.Thread.setName() in debuggee JVM, for type java.lang.Thread
